<?xml version="1.0" encoding="UTF-8"?>
<testng-results ignored="0" total="1" passed="1" failed="0" skipped="0">
  <reporter-output>
  </reporter-output>
  <suite started-at="2023-01-13T10:13:22 IST" name="Default suite" finished-at="2023-01-13T10:13:43 IST" duration-ms="21206">
    <groups>
    </groups>
    <test started-at="2023-01-13T10:13:22 IST" name="Default test" finished-at="2023-01-13T10:13:43 IST" duration-ms="21206">
      <class name="RegressionTest.Test4">
        <test-method is-config="true" signature="setup()[pri:0, instance:RegressionTest.Test4@5c7933ad]" started-at="2023-01-13T10:13:22 IST" name="setup" finished-at="2023-01-13T10:13:27 IST" duration-ms="5284" status="PASS">
          <reporter-output>
          </reporter-output>
        </test-method> <!-- setup -->
        <test-method signature="testFrame()[pri:0, instance:RegressionTest.Test4@5c7933ad]" started-at="2023-01-13T10:13:27 IST" name="testFrame" finished-at="2023-01-13T10:13:43 IST" duration-ms="15784" status="PASS">
          <reporter-output>
          </reporter-output>
        </test-method> <!-- testFrame -->
        <test-method is-config="true" signature="teardown()[pri:0, instance:RegressionTest.Test4@5c7933ad]" started-at="2023-01-13T10:13:43 IST" name="teardown" finished-at="2023-01-13T10:13:43 IST" duration-ms="112" status="PASS">
          <reporter-output>
          </reporter-output>
        </test-method> <!-- teardown -->
        <test-method is-config="true" signature="Endsetup()[pri:0, instance:RegressionTest.Test4@5c7933ad]" started-at="2023-01-13T10:13:43 IST" name="Endsetup" finished-at="2023-01-13T10:13:43 IST" duration-ms="1" status="PASS">
          <reporter-output>
          </reporter-output>
        </test-method> <!-- Endsetup -->
      </class> <!-- RegressionTest.Test4 -->
    </test> <!-- Default test -->
  </suite> <!-- Default suite -->
</testng-results>
