<?xml version="1.0" encoding="UTF-8"?>
<!-- Generated by org.testng.reporters.JUnitXMLReporter -->
<testsuite ignored="0" hostname="Anirbans-MacBook-Pro.local" failures="0" tests="4" name="Test" time="25.926" errors="0" timestamp="2023-01-10T12:08:05 IST">
  <testcase classname="RegressionTest.Test1" name="Login" time="0.087"/>
  <testcase classname="RegressionTest.Test3" name="test1_ToValidAuthentication" time="4.478"/>
  <testcase classname="RegressionTest.ToolTipValidation" name="ToolTip_example" time="4.056"/>
  <testcase classname="RegressionTest.Test4" name="testFrame" time="19.191"/>
</testsuite> <!-- Test -->
